2
1000 2 2
0.16742901989550452 0.13525442269123022 1
1.9728780126469259 0.10564074399988549 1
0.045118132824663634 0.18631237134223488 1
0.890558763442292 0.47499607196564597 2
0.14598353048571347 1.1649058519876296 2
1.521061979748618 -0.10680685881790153 0
-0.37003315436895623 0.760270068695475 2
1.0005051289825988 -0.4230373002948113 1
0.9492049656913598 0.17910251707622643 2
0.451101115480608 0.8838596298282174 2
1.5850814356383425 -0.2362376182369008 1
0.1576409537837405 1.0609706008465847 2
1.1801496039128998 0.021298218619142016 2
0.13179771452772826 0.1716923587803381 1
-0.3633925992508429 0.9178287385784245 2
0.859665660041299 0.3390350387320224 2
-0.24325032572290994 0.895387259438559 2
1.8860379234673956 0.029098420199398817 1
0.04064594982202569 1.056684600691929 2
1.0020354829363962 -0.6340609665021308 1
0.5168225879950681 -0.19049041421331808 1
0.8096213063769634 0.5075715051002807 2
0.8582968898748959 0.8141422064738092 2
-1.0624447669236121 -0.13153604673879904 2
0.13827991523542746 0.01813952384511429 1
0.2650489860297623 -0.15572850752726453 1
1.119353536461786 -0.5887436343853139 1
0.6477966590789257 -0.46828230603545173 1
1.018274459517794 -0.3750432905047743 1
-0.8742349871258464 0.49155250681167684 2
-1.144774443427141 0.016458439528970442 2
-0.5913491510852447 0.914982778842641 2
1.1035656313821625 -0.46854802304420134 1
-0.6090112925292728 0.7998744492510022 2
0.6583146859130848 -0.46171921063247834 1
0.23081112215865732 0.20638028846506365 1
1.2981838764560498 -0.4827434547183419 1
0.2948975003021118 -0.11029446792658915 1
0.21281990539543041 0.2727184719439284 1
1.1068511968554806 -0.007700675872296175 2
1.3015185416355035 -0.2514746992840121 1
-0.5611432761035078 0.8797674872085273 2
-0.5197447491450815 0.7557797347990903 2
-1.0073933779273148 0.30282309107279637 2
0.7775403143439659 -0.6900598973935405 0
0.20162321781545028 1.2004365780383695 0
0.458956096325142 0.8928549276971299 2
0.48610123607465533 0.8670346339939269 2
-0.32298256868679864 0.7504207708212329 2
-0.23664310972202146 0.9250514705149897 2
1.0309330301233735 0.4689901662719089 2
1.942051888750284 -0.005143950271396136 1
1.9766406615933336 0.2627760088067041 1
0.48945313728139284 0.927376905712761 2
0.5679031196920448 0.8679477502428333 2
0.3318131107006782 -0.22705064978951606 1
0.08255738880338682 0.1508566634004517 1
0.9971019124664309 -0.48075735026372474 1
0.8408968717917136 0.30954006319965677 2
-0.9328807614610584 -0.1476952418317489 2
0.8497328781739397 -0.5793437503965984 1
-0.6411663834003293 0.867074962618576 2
1.4349853874826908 -0.444057323871533 1
-1.0855787037005262 0.285958151277613 2
-0.019535521329982496 0.46543073404070334 1
-0.23048039644624163 1.0796711562437307 2
-0.2007813575801799 0.9626412129270764 2
-0.6777614016762493 0.6336364769281128 2
0.2215399048065817 -0.35197599199927043 0
0.7672939237491415 -0.5765959917922804 1
-0.2334753216091974 0.8990459037580083 2
-0.4862780892994224 0.6489441017957372 2
-0.285747361858222 0.4492193259662748 0
0.07635031626990738 -0.19166662336706608 1
1.093275151067131 -0.5080292414741663 1
-0.6195871954988682 0.7349506434443317 2
0.07673600976850134 0.34570421563607523 1
0.842377399619398 0.4455169379190603 2
1.0015613748044838 0.449818403235749 2
-0.5514004397288045 1.0233281131828431 0
0.056353897180043654 0.22018645252257651 1
-0.9741437014358182 0.4385268324152708 2
0.9333757485406919 -0.414309628829691 1
1.0161881535834152 0.06147388926659838 2
1.8349992742626233 -0.15201504616350153 1
1.6503644015092422 -0.2757292893560803 1
0.8234788389259857 0.6276552956573552 2
0.9245591707961963 -0.03307125272495631 2
0.8973779988525766 0.4362688229767339 2
2.0622528927187824 0.44966958728494566 1
-0.7479557129918304 0.6242038566158047 2
0.20786870153307305 -0.11292911769728382 1
0.26742348332842225 -0.2059454411717386 1
-0.8558415711976248 0.09659917189297895 2
0.8308725784907346 0.5030586962730728 2
1.5229598006992955 -0.4134961457068626 1
-0.49116687574938234 0.9137346738895369 2
1.9998882239839832 0.30418192851664255 1
1.7654623779045933 0.21840129699998242 1
0.927596058600114 0.3427272457607612 2
1.159465358763644 0.0537380125866985 2
0.6704821207370025 -0.43493898557169947 1
1.0438781994771023 0.291736757879961 2
-0.45458603906069994 0.9612300260059242 2
-0.09970138059230149 0.22974338259292038 1
-0.12517796025884187 0.32327179531076344 1
1.9445784902263163 0.0674604269968451 1
-0.7272909882298861 0.3655165526566342 2
0.4914980588170826 -0.3354555275425784 1
0.9204707008693876 -0.40114216546009696 1
-0.6425489219781153 0.9639697040494355 2
0.6971170268254382 0.3522038089002101 2
1.6305735158198522 -0.16617097626677366 1
1.741404535113381 -0.28247611814874024 1
0.6994729680265769 0.7091040175753454 2
0.9260031298724885 0.12961611567173975 2
-1.0107446554497888 -0.05801877832986645 2
1.2164946435340427 -0.4989567550066935 1
0.5921657590105485 0.7411671276296081 2
0.09478387652088494 0.07454989259674147 1
0.4928489607062638 0.9915815975751718 2
0.6166609473788626 -0.4848225817316372 1
-0.5748365566619162 0.673539989587587 2
-0.9598888264229877 0.5525122291932404 2
0.305312884720198 0.9426804535135442 2
1.5827157506988545 -0.43522559012827333 1
1.5490898305009342 -0.41290431539239547 1
0.817388266136119 0.6202968056575389 2
0.6903674980858288 0.7017679369564758 2
0.4818280644010167 -0.44689780558094716 1
0.8114868647884449 0.7860315544447566 2
1.1050886410228666 0.24835521946084482 2
-0.8982730658387483 0.4010877037761945 2
-0.958787668924237 0.5252421479298781 2
0.7800140996353514 0.6443584837867594 2
0.14412306913511586 0.9693948786009372 2
1.0273619902380617 0.08506763854761673 2
1.851450935138974 0.021878500158297676 1
1.8293219939080803 0.005346749912334289 1
0.8277188516753131 0.19423084375864533 0
0.9237321778852083 0.6875975859203066 2
0.5042900583620701 0.8879575578927029 2
-1.034136638754068 0.11755648695330365 2
1.8688623382677638 -0.11101453163565189 1
0.521129990756011 -0.5410759778984049 0
-1.0147535087144206 0.028134198338300817 2
2.0018604540535168 0.5348217145626106 1
0.5519677721301175 -0.3951499130629399 1
-0.8340434233701203 0.2581836358531179 2
0.1178495535371887 0.05015024173150637 1
1.755815150694061 -0.39532880395083164 1
-0.8849424976455629 0.45789445137666324 2
-0.5785650730035006 0.7931111751567006 2
0.03730441869678812 0.3340849656051672 1
1.7685588047744667 0.552583461571045 0
-0.8365124723139202 0.6910137457633975 2
0.3366595856220835 -0.1488772357965956 1
-0.8965756851923635 0.43753383859246997 2
-0.03821417915537197 0.9314516707986716 2
0.46997660607507674 0.9696836738320525 2
0.9741736771381376 0.5005223394945664 2
-0.7659673844629472 0.2603371887069393 2
1.827686261231024 -0.17486798437873396 1
0.2458737274789179 -0.04226709903076334 1
0.9972856159989915 -0.4639594116294649 1
1.9129362182959488 -0.07293683064948121 1
0.24843112502489267 0.8728031524037333 2
0.13329607774969046 0.39150966243253793 1
0.08099634965022541 -0.15894783676671764 1
0.2138701154464458 0.3379845381007004 1
-0.07892858725816156 1.1147458392048697 2
0.3380484980927869 -0.4347464100377547 1
1.1694769178729607 -0.23396431279944702 0
-0.9295800769887501 0.3899607280155992 2
1.1616672593744048 -0.6073299259580505 1
0.5280318184064166 0.893752970626054 2
0.4939418106675063 -0.3527342325109567 1
1.9562762810455439 0.3972426971346838 1
0.07543307332748009 0.41272082044230834 1
0.19747978875730887 0.9621272529425768 2
0.6336447268039093 -0.414352647970074 1
1.991939711085895 0.11540164848680148 1
-0.03281660423004035 0.3390149278017026 1
0.13398592338687526 0.28530550629347295 1
0.0399120077721266 0.22946130784296984 1
0.8694074857617015 0.7652893344172589 2
0.1336546048997334 0.0750737818117739 1
1.7583711281967762 -0.3581974393699982 1
1.3983993670497132 -0.3577366544502548 1
-0.025427470667912823 0.33070638146773207 1
0.224086930393779 0.05857311368913093 1
-0.08869972386839335 0.9768982324857989 2
0.29495911013416143 -0.18463626619761497 1
0.16520331153618595 1.072810272639177 2
1.057905732801622 -0.5332582240244873 1
0.2096315708064103 0.05763065187930552 1
-0.9894233468001354 0.5155790386419891 2
1.96967188388138 0.42199135370292584 1
0.28393452420665927 0.8713054726883365 2
0.5132470935697899 0.6681161804792851 2
-0.7825677796086837 0.46421187360629595 2
-0.3275114787580668 0.821165537018333 2
1.782348865359696 -0.08015893332045734 1
0.12953987241648934 0.9982369304821483 2
0.06007002677884088 0.9125923625873674 2
1.9389715010753792 -0.1964721677792185 1
2.041164980597184 0.42250628771063703 1
-0.29237067619136287 0.6956649720782495 2
0.37196191368412185 0.9486991929430937 2
2.209652099996708 0.19085593412414792 0
0.4966667235999044 -0.32604116706272507 1
0.08285596764060839 0.2755951558453688 1
0.5143721266312784 -0.3153343707647857 1
0.8597608493409449 0.40227084711728006 2
1.8973759674224435 0.170848293773043 1
-0.43078351859831454 0.9456816263871257 2
0.7595494965570073 -0.5471071291370553 1
1.3998614208763906 -0.5257361460032793 1
1.898212328025016 0.38431766091298347 1
-1.1443105859258011 0.36689942154820865 2
1.975845999556283 0.09798765295145673 1
0.43024125002440883 -0.46109789648629507 1
1.9740203548405812 0.30456565027792326 1
1.0733031594922529 0.15999116119280427 2
-0.2460925289249543 0.9838782112006021 2
-0.8252877139506465 0.6094552365802245 2
-1.2002600949094109 0.08243923264074479 2
0.28361501902016595 -0.26857794119080475 1
0.14022126632227935 0.9893704497359052 2
0.49051241751446384 0.8341327714006402 2
-0.25492963980652916 1.0281360942877047 2
0.240976964848014 -0.1896143337236066 1
1.588677198062033 -0.2620746108695064 1
0.22439822061565845 -0.21990942248187698 1
0.6056268468012517 -0.4208167665554027 1
-1.0627569225660434 0.14022733742101703 2
2.0792321957890185 0.2272563211728051 1
-1.1431825339601023 0.3803740772922293 2
0.9467917777576694 0.5129740743055196 2
0.9957154107408088 0.7065149481754632 0
1.432274763605408 -0.15822541343729296 0
0.6278353234759086 0.7199727108395894 2
1.7893011154597958 -0.05019871284280977 1
0.35767968526889815 1.1306548658702258 2
-0.10036302708884984 0.9226109261461497 2
2.00304450667256 0.5256061140828143 1
0.27477484902726185 0.876120702778084 2
0.3805631796068789 -0.04639279309120481 1
2.0498590687313354 0.4520313606050364 1
-0.6263026660060911 0.7021186623087089 2
-1.0167447608425382 0.28809640113221446 2
-0.383186634241512 0.949403138995462 2
0.38880090501206516 0.8851911520461252 2
-0.256361871909666 0.928532523268061 2
1.8482432657701782 -0.06617208000676376 1
0.5225912513552561 -0.30283483160113084 1
0.5136162937025229 -0.2113176553214746 1
1.7981863729009522 0.26579883919060165 1
-0.15182414048478549 0.11874307290515787 0
0.5432222439066318 0.7659175864358558 2
-0.735161994605702 0.7020543750872871 2
-0.11967136271769499 0.032225369352387956 0
1.3106012035159842 -0.389713349503697 1
-0.9649628385156984 0.7972794475900417 0
0.3928860695410104 -0.45882225632378104 1
2.0996529893453437 0.2380396955780195 1
1.2006380052610202 -0.013446913234396257 2
1.0459437886873224 0.42821860273230716 2
0.9020669433576687 -0.4428926505863299 1
1.8608028847594684 0.29617744084730413 1
0.40649211997788015 -0.153549775310089 1
0.17636721867776067 0.3553548405875606 1
0.09940440170929414 1.1797518603281807 2
0.8924724330262149 0.1154578352150529 2
-0.629520657397805 0.6542100387239657 2
0.3893974114389025 -0.25126225642804534 1
-0.17869626611687014 0.9360856912046541 2
0.35531430253219604 -0.14053964852800127 1
-0.9755435095453516 0.5501190265961552 2
0.2704247526813113 0.9252784131925291 2
0.2542567644273248 -0.2609506502569428 1
-0.7526146952218574 0.42706100671843683 2
0.3008433240011916 -0.18579777163898759 1
-0.6636009885193666 0.6555768517636954 2
0.750576521839347 0.6596220964165825 2
1.8141545806669386 0.1136957956831176 1
2.070387205931656 0.5043526142267671 1
-0.8260776972902669 0.40932734346561717 2
0.6021680953375699 -0.3602051469172857 1
1.5712219155974134 -0.25264249417831935 1
-0.9106829325086778 0.19888816638633092 2
1.052913620780243 -0.3894079367711908 1
-0.108271673812111 -0.13111366693939705 0
1.24105609477095 -0.5796350838092781 1
0.8898417468815994 0.38520031323483794 2
1.8215200762592956 -0.06580384356664062 1
1.0306382411731139 -0.5853069971735562 1
1.9123452117310746 0.26421657599329434 1
0.3259523176404652 -0.15094693105299492 1
-0.8683813085046892 0.4585069529438358 2
1.071677250443416 0.330949187650855 2
0.20020748011902859 -0.03433046088099904 1
-0.9030205286513062 -0.07547625124369356 2
1.9345989006975512 0.11903923568388708 1
1.1868414594253192 -0.4188016641315766 1
-0.9462084504344533 -0.08234835358329481 2
0.8048022194977917 0.48462257054869956 2
1.770891423163171 0.030095356625544092 1
-0.32361962302114045 0.9597545568611808 2
-0.8338510567855304 0.58042870714973 2
-0.2999526641625799 0.9701495263610284 2
1.9653143869659488 0.5094961968627515 1
1.783407117760922 0.10984266072655476 1
-0.5435691791853474 0.7701312176295857 2
1.2993777800640736 -0.5614964472098161 1
0.9940618301319452 -0.531784198815726 1
0.854051462673352 0.6121514817287097 2
0.07242953494980015 0.9654429156972135 2
-0.8180573441877952 0.5733865739389941 2
2.068573735754332 0.3904427287804988 1
-0.813678173285879 0.6702187499163386 2
0.2617606276043552 0.9734022656090878 2
0.3164723995350228 -0.3859398126715749 1
-0.44773833741490693 0.815333188933507 2
0.1830042149149562 -0.1481116931291352 1
-1.2241791238355475 0.043543557419424075 2
-0.07265385651536192 0.8571338066298768 2
1.03265501917547 -0.5342376313573277 1
0.2485083192929517 0.9432616530830784 2
1.0417986196113467 -0.5833781033681177 1
0.3252086178367948 0.9271577362976559 2
0.7812130772511202 -0.22150597262752347 0
1.2982850959239354 -0.4520227542656152 1
0.3605911713776964 0.9410350180953337 2
0.027597762249800536 0.2781184046607269 1
1.4542954834270847 -0.3186532415064536 1
-0.9437906695922791 -0.06615761107666314 2
0.6975447991912401 0.8395522955649256 2
1.8569277705940836 -0.05972748026575312 1
-1.0761050120476563 -0.039063710702436166 2
-1.0872137208500519 0.33393918767059516 2
-0.1268175881228785 0.949614182574076 2
0.37185356619877186 -0.23774504385965867 1
0.854919348450138 -0.4551530950888308 1
0.6194153425290642 -0.4402545800591338 1
1.4023147408229533 -0.5630986334453054 1
1.5974696555460974 -0.3261466331119709 1
1.31090876075061 -0.5492241730110587 1
1.8770399108522957 -0.1956626135034515 1
0.02329307595619423 0.962284508574459 2
0.5206544897569376 -0.4167157567592834 1
1.0249168590138618 0.34738898975141486 2
0.9413586646965646 -0.45122439890957916 1
0.655531391545908 0.7192158202727361 2
1.0095125942075651 -0.5357330113159067 1
1.9895554085864753 -0.10072110863624628 1
-0.13193444172613597 0.9980437067410309 2
-0.9747564777449379 0.09544130920026037 2
-0.19241961671154678 0.8503513002853411 2
2.0161059915256114 0.08594318164094135 1
-0.7863638030614799 0.421854258017467 2
0.20893364644804768 -0.07691990958444707 1
-0.6431942689415406 0.5699097621106776 2
0.9115376518481848 0.2723214248681534 2
-0.9892698816538418 0.3328361505112458 2
0.266899113996666 0.9477331712358534 2
0.9495122087481987 0.4849662284557606 2
0.8598426475055682 0.6600189160566459 2
0.09830158471403552 0.1694025452794642 1
0.1858186808165726 -0.3105956056945566 1
-0.3873618831772053 1.0606059379992747 0
-0.21221832186618628 0.9474498743287135 2
0.051387003896953776 -0.10141909709368267 1
1.2046466220092895 -0.4153211253406925 1
1.0047239719437737 0.11368049224393613 2
0.8603929399710267 0.4204025877959083 2
0.7049336859940648 0.8429069461797989 2
0.14671268680708532 0.7956524639469251 0
0.9115745338988157 -0.4572316538957078 1
0.10644649003507722 -0.09525466038419582 1
1.5266987170532296 -0.3866714037203527 1
0.21677555054801542 -0.2514937767348756 1
0.7571503956262294 -0.4220298002704801 1
0.9932554776068354 -0.5958256739842814 1
1.1238097550471444 -0.5014436761422785 1
0.3924061549005229 0.6598677903290321 2
1.2627155005207746 -0.43180968937555975 1
-0.8602218720798239 0.416227602566679 2
0.6418104805992871 0.6675821001531603 2
0.5931160178529251 0.767399530914819 2
-1.0250808596610121 0.4433458901985893 2
0.46022157580194645 -0.2318534771024977 1
0.0013391808226200924 -0.07212257432579763 1
0.14206156530567607 1.0524920829672268 2
-0.7588991478546565 0.3419880891469045 2
0.6488990063914688 0.7959656249656148 2
0.6448037054908787 0.8897162125467821 2
1.91229346648717 0.05995317311458919 1
-0.687536390920371 0.7510208021174164 2
0.9383613568809557 0.23454367321121386 2
0.037703604463703105 0.8312886192274356 2
1.4399417380343553 -0.29933882874468687 1
-0.786357062221591 0.5987027427275736 2
1.177631219030772 -0.4489522995738289 1
-0.046366608948498055 0.47609969192295754 1
-0.42108158845441707 0.8279910699884829 2
1.5166623457889377 -0.4047154232618848 1
1.5368158293076708 -0.44858885717653746 1
-0.012165105777311142 0.9738183577118038 2
1.8968496023838082 -0.22281001684106042 1
-0.12091236892694202 0.9373954950201934 2
1.5074407484767214 -0.5323410462522268 1
0.29589202010878973 -0.06904559566371188 1
1.8172668531599512 -0.2839106781237023 1
1.3236605594037452 -0.4331535162627857 1
0.9385832828237467 0.4703647113655771 2
1.1099618445080313 -0.5913601830035541 1
0.3238251014992591 0.02677527905751423 1
0.8530854979241291 0.5637732854879329 2
-0.1336998722907927 0.4124139782884419 1
0.8000579308893512 0.5349284714771978 2
1.3400950031391303 -0.5834758683992343 1
-0.9823015837731603 0.6305201560536359 2
0.11259250779466601 0.955243465191357 2
-0.25279738193935264 0.3738793840364665 0
1.9885767937347814 0.3199733437140406 1
-0.20594363312854447 0.9990337378830406 2
-0.8425137249294858 0.45553923432900123 2
0.5038682780765359 0.7467811360374883 2
0.8133881472429761 -0.557325081319524 1
1.6605163133153988 -0.3882211269739866 1
0.5287458363094615 0.9056385321807667 2
0.07094290957925731 0.18508078145863693 1
0.7738158608377134 -0.3041120373629447 0
0.1849518717701331 -0.2364344884315126 1
1.2331179065460078 -0.5025726768362949 1
0.9871011775685504 0.2341810770894851 2
1.1681866943046209 -0.5239973499707219 1
1.5443083078933117 -0.631497131620621 0
-0.5688411030121807 0.8522318023213252 2
-0.7610598082406643 0.14128846323248803 0
0.4713295433133056 0.6515941648944958 2
0.6217779610703777 -0.4409732829662342 1
1.9955533434728834 0.35053347002827073 1
-0.8390244588068656 0.3105455433670729 2
-0.835481924210222 0.952446666360532 0
0.5662925352938053 -0.42350626816782433 1
-0.6807964444014717 0.7868147796896812 2
0.7220757870851022 -0.45284893540573473 1
0.9752873662740515 0.5355557469761322 2
-0.04831289018934102 0.5290852948331414 1
1.815518366373376 0.12353921176987209 1
0.6212462960706391 0.8624227774547342 2
-0.8678481978426202 0.708135057294578 2
1.6610915061247835 -0.4283238169430855 1
1.9754885687428585 0.40960950911169175 1
-0.9455858680460347 0.04129688313376728 2
0.09259520497061792 0.22024062134367475 1
-0.8280448731771233 0.4797319835217937 2
1.921949734204626 0.22881785406670646 1
-0.3587240793110509 0.8932383435379346 2
0.22533699687096098 0.8889844899681902 2
0.9917409732665904 0.351454220739279 2
-0.8243973069259021 0.53336778155242 2
0.6991028440244212 0.5090917620719976 2
0.2272462221844069 0.8891294315006382 2
1.8970649047456185 -0.08821137722986003 1
0.9415439447340604 0.6897704174654926 2
1.2744485642697225 -0.5351832937483111 1
0.3546794880108934 -0.264205206496132 1
-1.1331129642801587 0.20181033890779432 2
0.3803624430735485 0.7185702130941992 2
1.2285642281907998 -0.6333789218546046 0
0.010077761159995959 0.46474115373563907 1
1.9477345332488032 0.2553835790026515 1
0.3076257325299106 0.8078517114575017 2
-0.7605757895662196 0.3817180343757387 2
1.370528463280187 -0.5722759851295205 1
1.0253273804503085 -0.49839110341253356 1
1.7973282121228504 -0.3263012240166887 1
-0.24842307071501746 0.8547733868030438 2
0.02532224607621382 0.36046610892041037 1
0.26274543952683405 0.8328509646548931 2
0.7970692177334039 0.6273409404928219 2
-0.08047255457276664 0.4227839005533697 1
0.042322601554572764 0.1360235420640998 1
2.0736983620285847 0.20229473403562057 1
1.0354219875893633 -0.41742275652071986 1
0.6665497274277152 0.9005551350274724 2
-0.6254654362151622 0.5845511068567126 2
1.0753303663777303 -0.05293725634995383 2
-1.0086831740499191 0.3117519799951224 2
0.9514512996024287 -0.43694888268509474 1
0.3714665066027596 0.9722363908401578 2
0.9725272302405715 0.3332321279183274 2
-0.5023275802636862 0.7567145557934328 2
-1.0209017642736935 0.032016490036485795 2
0.5359236510598702 0.8538454545822246 2
-0.839435488401257 0.48391576578751955 2
-0.04201254742178495 0.3547323198982272 1
0.9290204345796413 -0.3944165337106349 1
-0.08555946819713564 1.0687981178582704 2
-0.48997348554174514 1.0497446242696016 2
1.7508489010130996 -0.08194030161121793 1
-0.006642733765558101 0.967916680348386 2
-0.8489364906512582 0.44084356263679664 2
0.8093790663407677 0.1143490060342103 2
0.05551710284175582 1.0557099045162313 2
0.6679929175317167 0.7906485434089421 2
0.7547741255318806 -0.6363963314223571 1
-0.24479560352800045 1.0467851706907385 2
0.7771637993563602 0.72965943102995 2
2.028741873149314 0.2610694041687928 1
0.5262877435314406 -0.4294016153780512 1
-0.30653761247571853 1.1958015359490002 0
0.0651516677745621 0.9128512004438315 2
0.5005932528118265 0.7066214944670692 2
0.3502877090002243 0.8282664592347048 2
0.7452326038266902 0.7016204804744881 2
0.2439969234548803 0.7309297669541037 2
-0.892375064342393 0.5880454385152258 2
-0.873118473707203 0.47200582821868575 2
0.37421538661441955 -0.2434171228560471 1
-1.0399163888531957 0.04514287113836382 2
-0.2371823022820444 0.9265263803334366 2
1.401011138004472 -0.33737976474457 1
0.2481564585956194 0.0005967426593548181 1
0.28528574410518914 0.8938657970082866 2
0.9046755882696687 0.041120960089328897 2
0.0626570073286851 0.14624219504178437 1
0.18268636516963047 0.4265632553481888 1
-1.0158327842969022 0.33477937998877877 2
1.4940510524946091 -0.3291384478335528 1
0.011001939471713355 0.6031838987542992 0
0.17138920729443108 -0.23121587996540416 1
-1.013373516586468 0.45034357570312744 2
1.0234416405455382 0.2203430928256636 2
0.36064453838432353 -0.04966200405441512 1
0.4682223381963948 -0.448468925011259 1
-1.007538866593887 -0.05177077269073756 2
0.9461460078166741 0.4754827581773788 2
-0.40221120912207453 0.8961323738404876 2
1.0766213658087576 -0.46767995593373846 1
1.0535643942361759 0.10513321665555697 2
0.5406370406716803 -0.24343904387353027 1
0.84654624587477 0.6680038622433547 2
0.7237277121542708 0.6313637420207426 2
0.5904270162691087 -0.44301709678821066 1
1.040386873647706 -0.5801301768023839 1
0.014414551482534161 0.5158460244490993 1
-0.07531517448224033 0.3090047160086724 1
0.5276796316332795 0.8678650358646721 2
-0.36160093767002927 1.0311691240505314 2
0.436584372995741 -0.28300752694822506 1
0.03152551775333694 0.3119425373007964 1
-0.32545715020220317 0.6459370511342728 2
0.16584746533220845 0.115031660861556 1
1.9071220717863377 -0.04251388804089497 1
1.4549995654487717 -0.3087261287854134 1
-0.18945811224029996 0.15793394910668662 0
-0.021619884459163047 -0.10388763740235299 1
0.01805696683616144 0.8680280723859523 2
-0.6145783993468398 0.8207027647300874 2
0.3509400007068706 1.057273190499578 2
-0.8559748072447477 0.2197093302225202 2
-0.4115823466199336 0.8523317554184403 2
1.878848746654418 0.34370134579403877 1
1.9562019300622062 0.36826342121180733 1
0.7198643324940042 -0.4989631165882927 1
-0.8778221829591558 0.7460749233650723 2
1.5292540130586296 -0.4473306807335452 1
0.8750529721039435 0.6115277761847129 2
0.9872330487638831 -0.5938248980102061 1
1.081512111665966 -0.033047563353756804 2
-0.6994812591185894 0.48892909346462066 2
0.022054835794184845 0.1720593506788723 1
1.0729133107126039 -0.43996370183279815 1
-1.1604187109079696 0.5101955695535529 0
0.4499149789932632 -0.24677010526489734 1
-0.13233270041272244 1.015079504484425 2
1.7725833432008744 -0.37211951902176876 1
1.1703402411385408 -0.16822016247681365 0
-0.4999380919604834 0.9023392740662893 2
-1.0236860977598852 0.1839798562207881 2
0.6411070786399352 -0.5401813570134328 1
0.045691708168456524 0.17585791428636632 1
0.33520292836103366 0.9157953007516194 2
0.6548354780695654 -0.5369135553035944 1
1.937473535952927 -0.15740942023179216 1
-1.0957388086269526 0.35651266936439585 2
-0.6802432154751604 0.6014331790912375 2
0.9517237561080858 -0.5244689498306727 1
1.1079879432483768 0.257070221398452 2
2.005430678862456 0.6162907929251042 1
1.8581446623925064 0.038469120873637574 1
-0.633193003226578 0.6263240997262106 2
0.800291479477365 0.5005374310609296 2
-0.2920686389677805 0.7766565780837574 2
-0.3340216223564478 0.8456601827159654 2
0.6691333862854423 0.7885984102480772 2
0.8163795797132362 0.3404243041664857 2
0.17133262324278653 0.06784172175328478 1
2.0590139688931997 -0.07384758805168044 0
0.7910967546294232 0.62637734868638 2
-0.43009100168981823 0.7617386653063509 2
0.40587747671166363 0.7666275728124894 2
-0.9368825438529332 0.5876811232826185 2
1.0458057324509198 -0.3252873032041224 1
1.8886449573581483 0.41675558184593264 1
0.903577797822251 0.3195957943042353 2
0.9921259904558243 -0.6829018137765971 1
1.5917853296658782 -0.42469400513482813 1
-0.9446957663594365 0.6079482034424438 2
-0.8930049318085904 0.14249508321941604 2
-0.26755980645470034 1.0416814962931171 2
0.8275610810744001 -0.4428877891658277 1
0.856020202533184 -0.5421876902983455 1
0.5281957756201585 0.7787802034389333 2
-0.8072332477999761 0.6669683743770254 2
0.03811690312554925 0.9887261774105681 2
0.18308297840839577 0.8675189715696313 2
0.8932603990595124 -0.4137487878916039 1
0.1990795622842525 0.13687694285185442 1
2.0868159795561954 0.5862786185403723 1
2.050980290400367 0.26530972311203715 1
1.5052139753111973 -0.39331489659792584 1
1.693265967283334 -0.13194563704100978 1
-0.06530250853036124 0.7025743148341552 0
-0.8865027216245145 -0.07393252209651524 2
1.0410819949889363 -0.6164391050332805 1
1.1785866996212493 0.28967066883753584 2
1.6617163239361845 -0.13885061372678464 1
-0.9005493215300482 0.5512963455072036 2
-0.3889850433489078 0.6154296031670305 0
0.014483785786278416 1.0810851635088157 2
1.6873205106672517 -0.169125641647158 1
-0.513294951033622 0.6257748877141651 0
0.3210583624663983 -0.32979874666637016 1
1.8434944331626917 -0.1118082904595339 1
1.519788025215441 -0.5845320637866209 1
0.24381366463712692 0.0108673590570652 1
-0.5550175842508461 0.800299005882907 2
1.8608399560177218 0.32852953429036785 1
1.751517633325692 0.06915318647753826 1
0.16099016742703626 0.3026088774344251 1
2.031203993078887 0.29025834076214635 1
0.477709527155082 -0.3072927640321961 1
1.362546510065161 -0.2802815091908549 1
-0.08804893222811373 0.9560936606450446 2
1.30825327486133 -0.3468201300328052 1
0.005714411654992448 1.1201098828417722 2
1.6278790355726929 -0.30684514942237506 1
-0.2600186839148756 0.8139628403709915 2
0.5260897348294254 -0.33866452715331247 1
-0.9492476654516727 0.2069834118483797 2
1.8346202500583095 -0.16727888105188604 1
0.08148187602044092 -0.12801159634095863 1
0.9207758620966964 0.23482450114039377 2
0.40794926623905087 0.7826151100370655 2
0.07678460351053289 1.1969142326248687 2
-0.186950186286922 1.2010886462373926 0
1.448512125391256 -0.30257666178845105 1
1.6257266055106823 -0.4496372644699931 1
0.6643474657019286 0.606649810473565 2
0.4242134089303037 0.7443902689102713 2
0.666248177068373 -0.4989785802836684 1
-0.7336191517804113 0.48382255497094495 2
-0.8092381618943211 0.677773141857513 2
0.12325438078470385 0.04357491185048866 1
-0.6854112013343928 0.6645546255888831 2
0.7746930927954069 0.44719590569032036 2
2.0458042940980787 0.27025089783170064 1
-0.8856257336916542 0.05321461456450733 2
1.709598045127017 -0.6116702537124022 0
0.45254448484515464 -0.25131846299265453 1
-0.027457907797175288 0.4038888398068173 1
-0.0257988963170218 1.053731132016829 2
-0.9250781339906967 0.30640122718744456 2
-0.14629416290023278 0.8771248611486763 2
1.2670826692135186 -0.47873124993582666 1
-0.006433505426141642 0.2773879284712205 1
0.8723433095613948 0.661944897937885 2
0.8785970364918742 -0.38215954012810344 1
-0.19005049308979638 1.0613212579916647 2
-0.21397242422878326 1.1924752029524934 0
2.02946976943875 0.184787196030806 1
0.9167591224773678 0.6211866164628004 2
-0.3035192481564222 0.9416663996259546 2
1.6566024154755716 -0.3920525383481527 1
0.8876552339832018 0.11206359320649377 2
-0.8325052911730183 0.12202885941758712 2
0.24381571555730022 0.7857345706605179 2
1.6476801985556806 -0.2838470140708536 1
0.9495493894759295 0.4290223266214264 2
0.20066230954094758 -0.013515217519530082 1
1.6212117924595346 -0.36580701506236535 1
0.5767180620200321 -0.43695698947534733 1
-0.25557306678538116 0.9903827014203594 2
1.2200143347727066 0.21929762173910006 0
-0.022085689735776504 0.3640285072554902 1
0.4953266725165969 -0.278501906103069 1
0.7098570844020047 -0.4810512790825128 1
0.9442186340719105 0.380355902339423 2
-0.09014572734043133 1.0024088688131405 2
0.23034318101447504 -0.13514135137401634 1
1.6218376268337467 -0.4835578969620039 1
1.3630082219837112 -0.314228603883203 1
0.8535801780477368 -0.41897472317782003 1
2.0548716039337025 0.1924755900109306 1
1.9055352658969873 -0.06660634243512686 1
1.7598544483982108 -0.2576854638567012 1
1.6476660517447341 -0.27624533710738297 1
0.12768868908178677 -0.11741459062953889 1
0.09125148968405056 0.03471697086967687 1
1.4212339579567186 -0.6279666090125334 1
1.8381227411179655 -0.18637764365081655 1
0.5686172790120207 -0.27893919419344415 1
0.9752619642186594 0.3115735829223233 2
1.9631204888410352 0.07396653150515622 1
0.22956840715492238 -0.10057775035100447 1
1.455195308452558 -0.4639864649202766 1
-0.9186722027191173 0.6084066106120165 2
0.15544593786103902 0.12382470725387593 1
2.0636287893994854 0.5616566536155153 1
1.7063259122007488 -0.26298899066430625 1
0.8601756841646686 0.35660680905288683 2
1.7974148673287256 0.04649308702635299 1
1.560311538632623 -0.2377538547467814 1
1.870248751602398 -0.2009577764405663 1
0.5119875989695944 -0.5369557852821304 1
1.1322430657450386 -0.5376211969638109 1
0.333554903537995 0.8735546518279318 2
0.06976050332064884 0.9342373188495248 2
2.0538402150331576 0.061119813845984576 1
-0.8069721415220235 0.6949789379000613 2
-0.981125726737925 0.4873931642444934 2
0.2821047701427344 1.0939989810668251 2
0.12346185350665131 -0.053973696075281796 1
1.8945536047820992 -0.10630835598143482 1
1.8306832263170212 0.5330525907118928 0
-0.5401319519661887 1.005167265890843 2
1.04051398270589 0.3663904633037002 2
0.6207994709478251 -0.4171944639843289 1
0.7111616747750418 0.7060408160084544 2
-0.036798328540203665 0.4064107782572074 1
-0.3611355659309108 0.9491426036701686 2
1.436744563618164 -0.4543379290756159 1
2.0709106960460306 0.3103660114772527 1
0.8522519707951665 0.5798561362374405 2
0.6732263637387415 -0.2907809275070738 1
-0.26506179220142156 0.8414300879435518 2
0.4921673146926799 0.8089912645448515 2
1.7227539214832217 -0.49537184504874876 0
0.7437675834411019 0.4969441884367574 2
1.0744064249171998 -0.402125098656565 1
-0.015942474653449633 1.14876973544416 2
-0.9734003267457707 0.5122821665564914 2
1.1324039719688483 -0.4804907744206667 1
0.7569149459617239 0.3845373350844861 2
-0.7682269127716824 0.20532329169477442 2
0.540088219931472 -0.5111450188209097 1
1.570041599189807 -0.20830702672914875 1
2.0129093885581724 0.34281249581793105 1
0.9534435354573888 0.27374879246786893 2
0.22404410224183258 0.15349467633470587 1
-0.7245612659079605 0.4911987859456987 2
0.00956636964782466 0.08308748083933301 1
0.564863527065453 -0.23302346724458756 1
0.787723789809996 -0.44899434709413877 1
0.07215244508701779 0.19240311089539563 1
0.6549287198979735 -0.33910064962895126 1
0.9054457726017495 0.3060728989141548 2
1.2863646252255356 -0.5076071111420994 1
-0.4162380734137963 0.7401825450781356 2
0.6309258643573116 -0.4628406413189428 1
1.4726391001698902 -0.3263200804058269 1
-0.3968382974154059 0.6209050428054061 2
0.36963838644226216 -0.3905532224432765 1
1.6670263854317469 -0.17780633622662173 1
1.408653291771667 -0.4364162354549817 1
0.5365624669747038 0.6159886441330449 2
1.8986336910777875 -0.10913413833500699 1
1.4093599432931998 -0.37105093267258044 1
-0.49570597872709443 0.7941341839799201 2
-0.8001374389469754 0.6332194669826052 2
-0.5701962835760483 0.8919544313600213 2
0.33409006225556676 -0.06287973195205845 1
1.3135189444593403 -0.3065548372801793 1
1.827541589178771 0.024083834994908543 1
1.028886239257976 0.1115259639682199 2
0.9056389462971025 0.464521836697822 2
-0.8753506937784457 0.24036716173088096 2
1.9053340030900556 0.3002666698852211 1
0.6743655294656656 0.5356246601725675 2
0.8145901236210439 -0.5549063005575321 1
0.6530364318986661 0.8050867897136922 2
0.5531450399316588 0.9620214412402143 2
-0.02380028592795655 0.2068876608502045 1
1.0828036965083696 -0.19454312819854688 0
0.2527583423866809 0.7985200664449089 2
1.9420181565842298 -0.18165633868838238 1
1.4606487233812644 -0.5269575344748493 1
0.8401531362033429 0.12099523723571884 2
-0.5287789878025002 0.7393757887354725 2
-0.8673931193292803 0.5843688293992454 2
-1.1094410657001321 0.1535859777268585 2
2.1358142954896526 0.590739859074373 0
0.6545004705430236 0.18554951718811485 0
-0.7254713565714408 0.7404135814003524 2
-0.02628101988207568 0.8877861178461467 2
0.32873449481645345 0.9386769716275385 2
1.958480958591254 0.13590269927670603 1
0.04146554398266588 1.1785574108446144 2
-0.9241461663784635 0.6227008907215736 2
-0.6125659753856962 0.738505841159031 2
0.393623296390139 0.8724543718150095 2
0.9563836064442692 0.42700397330459355 2
-0.6203903249783661 0.7213399279665651 2
1.7784745370641073 0.13713515312144253 1
0.10549317111515509 1.0025478900137517 2
1.924214768825695 -0.03798355433900959 1
0.9647958438956554 0.280579030404684 2
1.6288935779506082 -0.23100676710144813 1
0.8678208753202685 0.5573740952595259 2
0.23301035512189353 -0.042006775474186776 1
1.8627688392844006 -0.19520844282182867 1
1.7279651529058588 -0.12038386780353737 1
0.48722510296154364 -0.40397757947886465 1
0.6673513998219553 -0.46758814717732683 1
0.33200196907997837 0.9387480520976335 2
0.39919691842022964 -0.19532741354881766 1
-0.9330284449427767 0.12324629078363408 2
0.8095826121019434 0.5822013050016048 2
0.37400522867812036 0.8268751486004491 2
-0.9249740857984304 0.36686902159404816 2
0.0853985447083526 0.6739076368256516 0
0.8250803619554732 0.03558411379909658 2
0.27950041309537627 0.879256537609649 2
1.7080302490060562 -0.3447183954707789 1
0.21610041862695673 1.0777217018828142 2
0.33340259324410365 -0.26932822952934515 1
0.19887689297606356 1.088402929940688 2
0.46616728741485475 -0.3685710509840131 1
-0.7123474107818768 0.5088978525947101 2
0.146442857046386 0.1559002661800624 1
0.13850371469163955 1.0142718331567413 2
1.9400639696429076 0.3946839592388509 1
0.5147099671459587 -0.20573742919140298 1
0.8390040374883585 0.35009780155681525 2
0.8172328320585448 0.7006940796390057 2
0.6649116695934495 0.794391359856135 2
-0.6370950894224731 0.9072467829126809 2
-0.9712703334154955 -0.06076805888026576 2
1.0839358052805537 0.1383445854324296 2
0.9865256390390319 0.25205893242280536 2
0.6365376334523676 -0.5011279177018217 1
0.5407711649828457 0.7280965016124112 2
-0.7752029260925418 0.6480326354951742 2
0.7578056302333706 -0.5784241990844394 1
0.502307052885536 0.9613915198132061 2
1.7382624461198715 -0.4671114099345306 1
0.7104762025712198 0.9589825596207817 0
0.0922851264753555 0.21073121786014462 1
0.9337563866641997 0.06965320557529484 2
0.3203582372003917 1.0457972480317757 2
-0.3743945352088387 0.998926689908652 2
0.9730582607504915 0.27858370815984873 2
2.1174776934446418 0.18649445828264855 1
0.7516416206050147 0.28185769392377613 2
-0.5806257733489164 0.7518362776525582 2
2.311932328932235 0.33364624715410046 0
-0.025549158380272885 0.1396454367296071 1
-0.9244568278846597 0.13617750362469055 2
-0.07251078233406788 0.946474470497511 2
-0.9728858585051481 0.43683560808321803 2
-1.1398652205641124 0.2660235083182559 2
1.5438477858216544 -0.43827228232711735 1
0.41441708341449 -0.3109414864723328 1
-0.4220432814628525 0.8342183533186989 2
0.35108273779512206 -0.172313289345533 1
0.9212948198315741 0.04740015671836411 2
0.33560598744542003 0.8928068203407088 2
1.8662515941365396 -0.2064599948081778 1
0.7068517568888985 -0.3988978854172392 1
1.012994818711319 -0.02080200944648905 2
1.4144703867623076 -0.6066777549253374 1
1.4259735291125832 -0.1743107418676216 0
0.21871312272063292 0.002157230997322984 1
0.347798370260862 0.9621781263880886 2
0.18262589723372982 -0.10837369998182711 1
0.8709606133550615 0.8161846894559921 2
0.14436409998377076 0.9720899370957972 2
-0.7965871225026315 0.6007105584185731 2
0.6804824735857228 0.6379576448072881 2
0.475741624660384 -0.1963586633865474 1
1.6177590992457545 -0.17957126791344855 1
1.941027806117711 0.08071971675584061 1
0.814981779026454 -0.42998683968011775 1
0.14506921551494967 0.1873446480673151 1
-1.1423300161040857 0.21390231800500453 2
1.7363006141642159 -0.06440735341046339 1
-0.5963853369995765 0.8052137508423827 2
0.8377824736780956 -0.5750030313763717 1
1.875928441427867 -0.0215002181395623 1
1.141404260205114 -0.38205390609147777 1
1.0420831971290738 -0.6082847237097209 1
1.8294398237325387 0.22162026604763366 1
0.1598105272021101 1.014905143303156 2
1.1432011120856236 -0.42804317185246954 1
0.081174324192927 0.19291213606529783 1
0.4853640250775123 -0.41513678582047064 1
0.6788891962341822 0.7770983501311074 2
1.6399773374722924 -0.07352133044656806 1
-0.5171603038168954 0.9176424257409849 2
1.3722436041197723 -0.37185577841597023 1
2.022044818131653 0.1264951834496853 1
1.8705420175265326 -0.07273182527430064 1
-0.5044763212999227 0.8273557105752704 2
-1.0169106230712333 0.47542738060639694 2
0.8995778710990595 -0.47380498428305046 1
2.0654713333248584 0.38789660408316334 1
-0.8551711126878783 0.6577860275755647 2
-0.22703012459134186 0.8371414364813705 2
0.9671501397411565 0.23055527860713132 2
-0.873402842435534 0.6682228981984886 2
-0.750783192641916 0.719968129097654 2
0.12582949442913216 1.0927859676258067 2
0.15007769168030372 1.0604007536921225 2
-0.08420098656478729 0.2660478427467866 1
0.839264465235604 -0.6881059801515784 0
2.2077401795244107 0.3057780441254625 0
1.0814930454168934 -0.5602098556684113 1
-0.9546377742698653 0.2653853334253145 2
-0.4645320020977688 0.9516924709238767 2
1.904017900799994 0.027860217489335967 1
2.047709756514473 0.4130555359798536 1
0.9482892117049287 0.2149326094643441 2
1.5084023725700413 -0.29548532098121383 1
0.6143757562569055 -0.2989513337142877 1
0.04157933199589159 -0.14716249037953566 1
1.3723763490418177 -0.603189608949546 1
0.11128857557864046 0.13666413844005354 1
1.1213718611503976 0.27008534670522255 2
-0.13066917902479766 0.9534702653657081 2
1.8843716346270416 -0.08805147484613368 1
0.8915399279581306 0.6040426555695956 2
0.28925375276061877 -0.16968679632078787 1
0.3217911176464271 0.9981917912208457 2
0.460729093777814 -0.24118369875851875 1
-0.9420844944483311 0.15704216365747084 2
-0.06709446130467112 0.3477718937777904 1
0.6415045356721358 -0.4602694069330636 1
0.18330872417042854 -0.255877104768608 1
0.5225361559264938 0.6263066429259637 2
0.021341372043602824 1.0071884888035076 2
-0.2727638039614952 0.9052229148580984 2
0.7653281463300959 0.7207064669023968 2
0.12528954982757462 1.1447403349534226 2
1.9282731044475663 0.210027481782472 1
-0.7190870834346208 0.4870633699256634 2
0.4009672024836378 0.9334226244387458 2
1.3620198305455737 -0.3345090118594174 1
0.14958321291126883 0.06538678824578588 1
0.03257614249295561 -0.00031219494496461525 1
0.04881638939914524 0.11519823005596032 1
0.10441491441205379 0.2580818316455963 1
0.5049734238617575 0.8791217200331634 2
-1.0501080616134446 0.07264701067276058 2
0.35483897096776634 -0.04316977240558184 1
-1.1587352970663662 0.08705152068351177 2
-0.7936489558507234 0.43060195449768535 2
0.5645597940492071 0.751013776780838 2
0.05888202707201515 0.37420587904069236 1
0.006719079078163576 0.49376354076610735 1
1.3740327241720733 -0.4447090051738773 1
0.2813154657815872 -0.17676363580272875 1
-0.027828054797485298 0.9124170112426082 2
0.7205402670036799 0.42605841051974674 2
0.8731585668032139 0.2964177426251774 2
0.4879763277819407 0.9811552919946224 2
1.4258624312179264 -0.47805224657471723 1
0.6580659289855931 0.6574528029271353 2
1.6923978077245831 -0.04733710289829604 1
1.189793737718267 -0.47195794278745806 1
0.43594106722401044 0.9821247280937401 2
0.11908965523997046 0.01685381789683483 1
0.19458295670641398 0.3505308943799649 1
-0.1927271953614088 0.9456186312694346 2
1.9525448972764716 0.04532238419066337 1
0.3645015463257548 -0.35042701998607595 1
2.035354351276103 0.0934340477669303 1
1.18955088993184 -0.488704799514709 1
0.40191671465949347 0.9683352167103616 2
0.8001112630910787 -0.4218138176467393 1
0.36932673718260645 1.0793459224928368 2
-0.4675231471595741 0.8518509520831601 2
-0.9983274377998473 0.2791883373874746 2
0.3142594437236953 0.9947660729040707 2
2.0680501986397073 0.13017977957155494 1
0.1511950288747652 -0.27547258076532266 1
